2021-09-24 08:11:11.694 [main] DEBUG org.example.App - Проверка логов 2.0
2021-09-24 08:11:11.710 [main] INFO  org.example.App - Проверка логов 3.0
2021-09-24 08:11:11.710 [main] WARN  org.example.App - Проверка логов 4.0
2021-09-24 08:11:11.710 [main] ERROR org.example.App - Проверка логов 5.0
2021-09-24 08:11:11.710 [main] FATAL org.example.App - Проверка логов 6.0
2021-09-24 08:20:06.251 [main] DEBUG org.example.App - Проверка логов 2.0
2021-09-24 08:20:06.266 [main] INFO  org.example.App - Проверка логов 3.0
2021-09-24 08:20:06.266 [main] WARN  org.example.App - Проверка логов 4.0
2021-09-24 08:20:06.266 [main] ERROR org.example.App - Проверка логов 5.0
2021-09-24 08:20:06.266 [main] FATAL org.example.App - Проверка логов 6.0
2021-09-24 08:20:56.591 [main] DEBUG org.example.App - Проверка логов 2.0
2021-09-24 08:20:56.591 [main] INFO  org.example.App - Проверка логов 3.0
2021-09-24 08:20:56.591 [main] WARN  org.example.App - Проверка логов 4.0
2021-09-24 08:20:56.591 [main] ERROR org.example.App - Проверка логов 5.0
2021-09-24 08:20:56.591 [main] FATAL org.example.App - Проверка логов 6.0
2021-09-24 08:39:16.921 [main] DEBUG org.example.App - Проверка логов 2.0
2021-09-24 08:39:16.921 [main] INFO  org.example.App - Проверка логов 3.0
2021-09-24 08:39:16.921 [main] WARN  org.example.App - Проверка логов 4.0
2021-09-24 08:39:16.921 [main] ERROR org.example.App - Проверка логов 5.0
2021-09-24 08:39:16.921 [main] FATAL org.example.App - Проверка логов 6.0
